{"C:\\Users\\zakth\\Documents\\journalism-lap-1-project\\Server\\app.js": {"path":"C:\\Users\\zakth\\Documents\\journalism-lap-1-project\\Server\\app.js","statementMap":{"0":{"start":{"line":1,"column":16},"end":{"line":1,"column":34}},"1":{"start":{"line":2,"column":12},"end":{"line":2,"column":21}},"2":{"start":{"line":3,"column":13},"end":{"line":3,"column":28}},"3":{"start":{"line":4,"column":11},"end":{"line":4,"column":24}},"4":{"start":{"line":5,"column":0},"end":{"line":5,"column":16}},"5":{"start":{"line":6,"column":0},"end":{"line":6,"column":24}},"6":{"start":{"line":8,"column":17},"end":{"line":8,"column":57}},"7":{"start":{"line":9,"column":11},"end":{"line":9,"column":19}},"8":{"start":{"line":12,"column":4},"end":{"line":14,"column":6}},"9":{"start":{"line":13,"column":8},"end":{"line":13,"column":27}},"10":{"start":{"line":13,"column":17},"end":{"line":13,"column":27}},"11":{"start":{"line":20,"column":0},"end":{"line":22,"column":2}},"12":{"start":{"line":21,"column":4},"end":{"line":21,"column":19}},"13":{"start":{"line":24,"column":0},"end":{"line":26,"column":3}},"14":{"start":{"line":25,"column":4},"end":{"line":25,"column":19}},"15":{"start":{"line":28,"column":0},"end":{"line":40,"column":3}},"16":{"start":{"line":29,"column":4},"end":{"line":39,"column":5}},"17":{"start":{"line":30,"column":22},"end":{"line":30,"column":36}},"18":{"start":{"line":31,"column":21},"end":{"line":31,"column":68}},"19":{"start":{"line":31,"column":44},"end":{"line":31,"column":67}},"20":{"start":{"line":32,"column":8},"end":{"line":36,"column":9}},"21":{"start":{"line":33,"column":12},"end":{"line":33,"column":69}},"22":{"start":{"line":35,"column":12},"end":{"line":35,"column":29}},"23":{"start":{"line":38,"column":8},"end":{"line":38,"column":55}},"24":{"start":{"line":43,"column":4},"end":{"line":43,"column":45}},"25":{"start":{"line":46,"column":0},"end":{"line":61,"column":2}},"26":{"start":{"line":47,"column":4},"end":{"line":60,"column":5}},"27":{"start":{"line":48,"column":20},"end":{"line":48,"column":54}},"28":{"start":{"line":49,"column":20},"end":{"line":49,"column":54}},"29":{"start":{"line":50,"column":8},"end":{"line":52,"column":9}},"30":{"start":{"line":51,"column":12},"end":{"line":51,"column":54}},"31":{"start":{"line":53,"column":20},"end":{"line":53,"column":54}},"32":{"start":{"line":54,"column":8},"end":{"line":56,"column":9}},"33":{"start":{"line":55,"column":12},"end":{"line":55,"column":55}},"34":{"start":{"line":57,"column":8},"end":{"line":57,"column":40}},"35":{"start":{"line":59,"column":8},"end":{"line":59,"column":27}},"36":{"start":{"line":64,"column":0},"end":{"line":74,"column":2}},"37":{"start":{"line":65,"column":4},"end":{"line":73,"column":5}},"38":{"start":{"line":66,"column":19},"end":{"line":66,"column":27}},"39":{"start":{"line":67,"column":8},"end":{"line":67,"column":24}},"40":{"start":{"line":68,"column":8},"end":{"line":68,"column":26}},"41":{"start":{"line":69,"column":8},"end":{"line":69,"column":35}},"42":{"start":{"line":70,"column":8},"end":{"line":70,"column":26}},"43":{"start":{"line":72,"column":8},"end":{"line":72,"column":27}},"44":{"start":{"line":76,"column":0},"end":{"line":94,"column":2}},"45":{"start":{"line":77,"column":4},"end":{"line":93,"column":5}},"46":{"start":{"line":78,"column":19},"end":{"line":78,"column":27}},"47":{"start":{"line":79,"column":17},"end":{"line":79,"column":24}},"48":{"start":{"line":80,"column":26},"end":{"line":80,"column":44}},"49":{"start":{"line":81,"column":31},"end":{"line":81,"column":70}},"50":{"start":{"line":81,"column":52},"end":{"line":81,"column":69}},"51":{"start":{"line":82,"column":8},"end":{"line":88,"column":9}},"52":{"start":{"line":83,"column":12},"end":{"line":83,"column":41}},"53":{"start":{"line":84,"column":15},"end":{"line":88,"column":9}},"54":{"start":{"line":85,"column":12},"end":{"line":85,"column":41}},"55":{"start":{"line":86,"column":15},"end":{"line":88,"column":9}},"56":{"start":{"line":87,"column":12},"end":{"line":87,"column":41}},"57":{"start":{"line":89,"column":8},"end":{"line":89,"column":35}},"58":{"start":{"line":90,"column":8},"end":{"line":90,"column":26}},"59":{"start":{"line":92,"column":8},"end":{"line":92,"column":27}},"60":{"start":{"line":96,"column":0},"end":{"line":110,"column":2}},"61":{"start":{"line":97,"column":4},"end":{"line":108,"column":5}},"62":{"start":{"line":98,"column":19},"end":{"line":98,"column":27}},"63":{"start":{"line":99,"column":17},"end":{"line":99,"column":24}},"64":{"start":{"line":100,"column":30},"end":{"line":100,"column":49}},"65":{"start":{"line":101,"column":31},"end":{"line":101,"column":70}},"66":{"start":{"line":101,"column":52},"end":{"line":101,"column":69}},"67":{"start":{"line":103,"column":8},"end":{"line":103,"column":56}},"68":{"start":{"line":104,"column":8},"end":{"line":104,"column":34}},"69":{"start":{"line":105,"column":8},"end":{"line":105,"column":26}},"70":{"start":{"line":107,"column":8},"end":{"line":107,"column":27}},"71":{"start":{"line":113,"column":0},"end":{"line":113,"column":21}}},"fnMap":{"0":{"name":"reWriteFile","decl":{"start":{"line":11,"column":9},"end":{"line":11,"column":20}},"loc":{"start":{"line":11,"column":26},"end":{"line":15,"column":1}},"line":11},"1":{"name":"(anonymous_1)","decl":{"start":{"line":12,"column":61},"end":{"line":12,"column":62}},"loc":{"start":{"line":12,"column":75},"end":{"line":14,"column":5}},"line":12},"2":{"name":"(anonymous_2)","decl":{"start":{"line":20,"column":13},"end":{"line":20,"column":14}},"loc":{"start":{"line":20,"column":27},"end":{"line":22,"column":1}},"line":20},"3":{"name":"(anonymous_3)","decl":{"start":{"line":24,"column":17},"end":{"line":24,"column":18}},"loc":{"start":{"line":24,"column":31},"end":{"line":26,"column":1}},"line":24},"4":{"name":"(anonymous_4)","decl":{"start":{"line":28,"column":22},"end":{"line":28,"column":23}},"loc":{"start":{"line":28,"column":36},"end":{"line":40,"column":1}},"line":28},"5":{"name":"(anonymous_5)","decl":{"start":{"line":31,"column":33},"end":{"line":31,"column":34}},"loc":{"start":{"line":31,"column":44},"end":{"line":31,"column":67}},"line":31},"6":{"name":"generateRandInt","decl":{"start":{"line":42,"column":9},"end":{"line":42,"column":24}},"loc":{"start":{"line":42,"column":32},"end":{"line":44,"column":1}},"line":42},"7":{"name":"(anonymous_7)","decl":{"start":{"line":46,"column":19},"end":{"line":46,"column":20}},"loc":{"start":{"line":46,"column":33},"end":{"line":61,"column":1}},"line":46},"8":{"name":"(anonymous_8)","decl":{"start":{"line":64,"column":18},"end":{"line":64,"column":19}},"loc":{"start":{"line":64,"column":31},"end":{"line":74,"column":1}},"line":64},"9":{"name":"(anonymous_9)","decl":{"start":{"line":76,"column":17},"end":{"line":76,"column":18}},"loc":{"start":{"line":76,"column":31},"end":{"line":94,"column":1}},"line":76},"10":{"name":"(anonymous_10)","decl":{"start":{"line":81,"column":41},"end":{"line":81,"column":42}},"loc":{"start":{"line":81,"column":52},"end":{"line":81,"column":69}},"line":81},"11":{"name":"(anonymous_11)","decl":{"start":{"line":96,"column":13},"end":{"line":96,"column":14}},"loc":{"start":{"line":96,"column":27},"end":{"line":110,"column":1}},"line":96},"12":{"name":"(anonymous_12)","decl":{"start":{"line":101,"column":41},"end":{"line":101,"column":42}},"loc":{"start":{"line":101,"column":52},"end":{"line":101,"column":69}},"line":101}},"branchMap":{"0":{"loc":{"start":{"line":13,"column":8},"end":{"line":13,"column":27}},"type":"if","locations":[{"start":{"line":13,"column":8},"end":{"line":13,"column":27}},{"start":{"line":13,"column":8},"end":{"line":13,"column":27}}],"line":13},"1":{"loc":{"start":{"line":32,"column":8},"end":{"line":36,"column":9}},"type":"if","locations":[{"start":{"line":32,"column":8},"end":{"line":36,"column":9}},{"start":{"line":32,"column":8},"end":{"line":36,"column":9}}],"line":32},"2":{"loc":{"start":{"line":54,"column":15},"end":{"line":54,"column":49}},"type":"binary-expr","locations":[{"start":{"line":54,"column":15},"end":{"line":54,"column":30}},{"start":{"line":54,"column":34},"end":{"line":54,"column":49}}],"line":54},"3":{"loc":{"start":{"line":82,"column":8},"end":{"line":88,"column":9}},"type":"if","locations":[{"start":{"line":82,"column":8},"end":{"line":88,"column":9}},{"start":{"line":82,"column":8},"end":{"line":88,"column":9}}],"line":82},"4":{"loc":{"start":{"line":84,"column":15},"end":{"line":88,"column":9}},"type":"if","locations":[{"start":{"line":84,"column":15},"end":{"line":88,"column":9}},{"start":{"line":84,"column":15},"end":{"line":88,"column":9}}],"line":84},"5":{"loc":{"start":{"line":86,"column":15},"end":{"line":88,"column":9}},"type":"if","locations":[{"start":{"line":86,"column":15},"end":{"line":88,"column":9}},{"start":{"line":86,"column":15},"end":{"line":88,"column":9}}],"line":86}},"s":{"0":1,"1":1,"2":1,"3":1,"4":1,"5":1,"6":1,"7":1,"8":2,"9":0,"10":0,"11":1,"12":2,"13":1,"14":0,"15":1,"16":2,"17":2,"18":2,"19":8,"20":2,"21":1,"22":1,"23":1,"24":3,"25":1,"26":1,"27":1,"28":1,"29":1,"30":0,"31":1,"32":1,"33":0,"34":1,"35":0,"36":1,"37":0,"38":0,"39":0,"40":0,"41":0,"42":0,"43":0,"44":1,"45":1,"46":1,"47":1,"48":1,"49":1,"50":1,"51":1,"52":1,"53":0,"54":0,"55":0,"56":0,"57":1,"58":1,"59":0,"60":1,"61":1,"62":1,"63":1,"64":1,"65":1,"66":1,"67":1,"68":1,"69":1,"70":0,"71":1},"f":{"0":2,"1":0,"2":2,"3":0,"4":2,"5":8,"6":3,"7":1,"8":0,"9":1,"10":1,"11":1,"12":1},"b":{"0":[0,0],"1":[1,1],"2":[1,1],"3":[1,0],"4":[0,0],"5":[0,0]},"_coverageSchema":"1a1c01bbd47fc00a2c39e90264f33305004495a9","hash":"3b5edd58b2af8d8ba4856cf8a57a980ebdec7ee2"}
}
