{"C:\\Users\\zakth\\Documents\\journalism-lap-1-project\\Server\\app.js": {"path":"C:\\Users\\zakth\\Documents\\journalism-lap-1-project\\Server\\app.js","statementMap":{"0":{"start":{"line":1,"column":16},"end":{"line":1,"column":34}},"1":{"start":{"line":2,"column":12},"end":{"line":2,"column":21}},"2":{"start":{"line":3,"column":13},"end":{"line":3,"column":28}},"3":{"start":{"line":4,"column":11},"end":{"line":4,"column":24}},"4":{"start":{"line":5,"column":0},"end":{"line":5,"column":16}},"5":{"start":{"line":6,"column":0},"end":{"line":6,"column":24}},"6":{"start":{"line":8,"column":17},"end":{"line":8,"column":57}},"7":{"start":{"line":9,"column":11},"end":{"line":9,"column":19}},"8":{"start":{"line":12,"column":4},"end":{"line":14,"column":6}},"9":{"start":{"line":13,"column":8},"end":{"line":13,"column":27}},"10":{"start":{"line":13,"column":17},"end":{"line":13,"column":27}},"11":{"start":{"line":20,"column":0},"end":{"line":22,"column":2}},"12":{"start":{"line":21,"column":4},"end":{"line":21,"column":19}},"13":{"start":{"line":24,"column":0},"end":{"line":26,"column":3}},"14":{"start":{"line":25,"column":4},"end":{"line":25,"column":19}},"15":{"start":{"line":28,"column":0},"end":{"line":40,"column":3}},"16":{"start":{"line":29,"column":4},"end":{"line":39,"column":5}},"17":{"start":{"line":30,"column":22},"end":{"line":30,"column":36}},"18":{"start":{"line":31,"column":21},"end":{"line":31,"column":68}},"19":{"start":{"line":31,"column":44},"end":{"line":31,"column":67}},"20":{"start":{"line":32,"column":8},"end":{"line":36,"column":9}},"21":{"start":{"line":33,"column":12},"end":{"line":33,"column":69}},"22":{"start":{"line":35,"column":12},"end":{"line":35,"column":29}},"23":{"start":{"line":38,"column":8},"end":{"line":38,"column":55}},"24":{"start":{"line":42,"column":0},"end":{"line":54,"column":2}},"25":{"start":{"line":53,"column":4},"end":{"line":53,"column":28}},"26":{"start":{"line":57,"column":0},"end":{"line":67,"column":2}},"27":{"start":{"line":58,"column":4},"end":{"line":66,"column":5}},"28":{"start":{"line":59,"column":19},"end":{"line":59,"column":27}},"29":{"start":{"line":60,"column":8},"end":{"line":60,"column":24}},"30":{"start":{"line":61,"column":8},"end":{"line":61,"column":26}},"31":{"start":{"line":62,"column":8},"end":{"line":62,"column":35}},"32":{"start":{"line":63,"column":8},"end":{"line":63,"column":26}},"33":{"start":{"line":65,"column":8},"end":{"line":65,"column":27}},"34":{"start":{"line":69,"column":0},"end":{"line":87,"column":2}},"35":{"start":{"line":70,"column":4},"end":{"line":86,"column":5}},"36":{"start":{"line":71,"column":19},"end":{"line":71,"column":27}},"37":{"start":{"line":72,"column":17},"end":{"line":72,"column":24}},"38":{"start":{"line":73,"column":26},"end":{"line":73,"column":44}},"39":{"start":{"line":74,"column":31},"end":{"line":74,"column":70}},"40":{"start":{"line":74,"column":52},"end":{"line":74,"column":69}},"41":{"start":{"line":75,"column":8},"end":{"line":81,"column":9}},"42":{"start":{"line":76,"column":12},"end":{"line":76,"column":41}},"43":{"start":{"line":77,"column":15},"end":{"line":81,"column":9}},"44":{"start":{"line":78,"column":12},"end":{"line":78,"column":41}},"45":{"start":{"line":79,"column":15},"end":{"line":81,"column":9}},"46":{"start":{"line":80,"column":12},"end":{"line":80,"column":41}},"47":{"start":{"line":82,"column":8},"end":{"line":82,"column":35}},"48":{"start":{"line":83,"column":8},"end":{"line":83,"column":26}},"49":{"start":{"line":85,"column":8},"end":{"line":85,"column":27}},"50":{"start":{"line":89,"column":0},"end":{"line":103,"column":2}},"51":{"start":{"line":90,"column":4},"end":{"line":101,"column":5}},"52":{"start":{"line":91,"column":19},"end":{"line":91,"column":27}},"53":{"start":{"line":92,"column":17},"end":{"line":92,"column":24}},"54":{"start":{"line":93,"column":30},"end":{"line":93,"column":49}},"55":{"start":{"line":94,"column":31},"end":{"line":94,"column":70}},"56":{"start":{"line":94,"column":52},"end":{"line":94,"column":69}},"57":{"start":{"line":96,"column":8},"end":{"line":96,"column":56}},"58":{"start":{"line":97,"column":8},"end":{"line":97,"column":34}},"59":{"start":{"line":98,"column":8},"end":{"line":98,"column":26}},"60":{"start":{"line":100,"column":8},"end":{"line":100,"column":27}},"61":{"start":{"line":106,"column":0},"end":{"line":106,"column":21}}},"fnMap":{"0":{"name":"reWriteFile","decl":{"start":{"line":11,"column":9},"end":{"line":11,"column":20}},"loc":{"start":{"line":11,"column":26},"end":{"line":15,"column":1}},"line":11},"1":{"name":"(anonymous_1)","decl":{"start":{"line":12,"column":61},"end":{"line":12,"column":62}},"loc":{"start":{"line":12,"column":75},"end":{"line":14,"column":5}},"line":12},"2":{"name":"(anonymous_2)","decl":{"start":{"line":20,"column":13},"end":{"line":20,"column":14}},"loc":{"start":{"line":20,"column":27},"end":{"line":22,"column":1}},"line":20},"3":{"name":"(anonymous_3)","decl":{"start":{"line":24,"column":17},"end":{"line":24,"column":18}},"loc":{"start":{"line":24,"column":31},"end":{"line":26,"column":1}},"line":24},"4":{"name":"(anonymous_4)","decl":{"start":{"line":28,"column":22},"end":{"line":28,"column":23}},"loc":{"start":{"line":28,"column":36},"end":{"line":40,"column":1}},"line":28},"5":{"name":"(anonymous_5)","decl":{"start":{"line":31,"column":33},"end":{"line":31,"column":34}},"loc":{"start":{"line":31,"column":44},"end":{"line":31,"column":67}},"line":31},"6":{"name":"(anonymous_6)","decl":{"start":{"line":42,"column":19},"end":{"line":42,"column":20}},"loc":{"start":{"line":42,"column":33},"end":{"line":54,"column":1}},"line":42},"7":{"name":"(anonymous_7)","decl":{"start":{"line":57,"column":18},"end":{"line":57,"column":19}},"loc":{"start":{"line":57,"column":31},"end":{"line":67,"column":1}},"line":57},"8":{"name":"(anonymous_8)","decl":{"start":{"line":69,"column":17},"end":{"line":69,"column":18}},"loc":{"start":{"line":69,"column":31},"end":{"line":87,"column":1}},"line":69},"9":{"name":"(anonymous_9)","decl":{"start":{"line":74,"column":41},"end":{"line":74,"column":42}},"loc":{"start":{"line":74,"column":52},"end":{"line":74,"column":69}},"line":74},"10":{"name":"(anonymous_10)","decl":{"start":{"line":89,"column":13},"end":{"line":89,"column":14}},"loc":{"start":{"line":89,"column":27},"end":{"line":103,"column":1}},"line":89},"11":{"name":"(anonymous_11)","decl":{"start":{"line":94,"column":41},"end":{"line":94,"column":42}},"loc":{"start":{"line":94,"column":52},"end":{"line":94,"column":69}},"line":94}},"branchMap":{"0":{"loc":{"start":{"line":13,"column":8},"end":{"line":13,"column":27}},"type":"if","locations":[{"start":{"line":13,"column":8},"end":{"line":13,"column":27}},{"start":{"line":13,"column":8},"end":{"line":13,"column":27}}],"line":13},"1":{"loc":{"start":{"line":32,"column":8},"end":{"line":36,"column":9}},"type":"if","locations":[{"start":{"line":32,"column":8},"end":{"line":36,"column":9}},{"start":{"line":32,"column":8},"end":{"line":36,"column":9}}],"line":32},"2":{"loc":{"start":{"line":75,"column":8},"end":{"line":81,"column":9}},"type":"if","locations":[{"start":{"line":75,"column":8},"end":{"line":81,"column":9}},{"start":{"line":75,"column":8},"end":{"line":81,"column":9}}],"line":75},"3":{"loc":{"start":{"line":77,"column":15},"end":{"line":81,"column":9}},"type":"if","locations":[{"start":{"line":77,"column":15},"end":{"line":81,"column":9}},{"start":{"line":77,"column":15},"end":{"line":81,"column":9}}],"line":77},"4":{"loc":{"start":{"line":79,"column":15},"end":{"line":81,"column":9}},"type":"if","locations":[{"start":{"line":79,"column":15},"end":{"line":81,"column":9}},{"start":{"line":79,"column":15},"end":{"line":81,"column":9}}],"line":79}},"s":{"0":1,"1":1,"2":1,"3":1,"4":1,"5":1,"6":1,"7":1,"8":2,"9":0,"10":0,"11":1,"12":2,"13":1,"14":0,"15":1,"16":2,"17":2,"18":2,"19":8,"20":2,"21":1,"22":1,"23":1,"24":1,"25":0,"26":1,"27":0,"28":0,"29":0,"30":0,"31":0,"32":0,"33":0,"34":1,"35":1,"36":1,"37":1,"38":1,"39":1,"40":1,"41":1,"42":1,"43":0,"44":0,"45":0,"46":0,"47":1,"48":1,"49":0,"50":1,"51":1,"52":1,"53":1,"54":1,"55":1,"56":1,"57":1,"58":1,"59":1,"60":0,"61":1},"f":{"0":2,"1":0,"2":2,"3":0,"4":2,"5":8,"6":0,"7":0,"8":1,"9":1,"10":1,"11":1},"b":{"0":[0,0],"1":[1,1],"2":[1,0],"3":[0,0],"4":[0,0]},"_coverageSchema":"1a1c01bbd47fc00a2c39e90264f33305004495a9","hash":"6d61da151579e2834fbd5ace059c28b95bf5bcf0"}
}
