TN:
SF:app.js
FN:11,reWriteFile
FN:12,(anonymous_1)
FN:20,(anonymous_2)
FN:24,(anonymous_3)
FN:28,(anonymous_4)
FN:31,(anonymous_5)
FN:42,generateRandInt
FN:46,(anonymous_7)
FN:64,(anonymous_8)
FN:76,(anonymous_9)
FN:81,(anonymous_10)
FN:96,(anonymous_11)
FN:101,(anonymous_12)
FNF:13
FNH:10
FNDA:2,reWriteFile
FNDA:0,(anonymous_1)
FNDA:2,(anonymous_2)
FNDA:0,(anonymous_3)
FNDA:2,(anonymous_4)
FNDA:8,(anonymous_5)
FNDA:3,generateRandInt
FNDA:1,(anonymous_7)
FNDA:0,(anonymous_8)
FNDA:1,(anonymous_9)
FNDA:1,(anonymous_10)
FNDA:1,(anonymous_11)
FNDA:1,(anonymous_12)
DA:1,1
DA:2,1
DA:3,1
DA:4,1
DA:5,1
DA:6,1
DA:8,1
DA:9,1
DA:12,2
DA:13,0
DA:20,1
DA:21,2
DA:24,1
DA:25,0
DA:28,1
DA:29,2
DA:30,2
DA:31,8
DA:32,2
DA:33,1
DA:35,1
DA:38,1
DA:43,3
DA:46,1
DA:47,1
DA:48,1
DA:49,1
DA:50,1
DA:51,0
DA:53,1
DA:54,1
DA:55,0
DA:57,1
DA:59,0
DA:64,1
DA:65,0
DA:66,0
DA:67,0
DA:68,0
DA:69,0
DA:70,0
DA:72,0
DA:76,1
DA:77,1
DA:78,1
DA:79,1
DA:80,1
DA:81,1
DA:82,1
DA:83,1
DA:84,0
DA:85,0
DA:86,0
DA:87,0
DA:89,1
DA:90,1
DA:92,0
DA:96,1
DA:97,1
DA:98,1
DA:99,1
DA:100,1
DA:101,1
DA:103,1
DA:104,1
DA:105,1
DA:107,0
DA:113,1
LF:68
LH:50
BRDA:13,0,0,0
BRDA:13,0,1,0
BRDA:32,1,0,1
BRDA:32,1,1,1
BRDA:54,2,0,1
BRDA:54,2,1,1
BRDA:82,3,0,1
BRDA:82,3,1,0
BRDA:84,4,0,0
BRDA:84,4,1,0
BRDA:86,5,0,0
BRDA:86,5,1,0
BRF:12
BRH:5
end_of_record
