TN:
SF:app.js
FN:11,reWriteFile
FN:12,(anonymous_1)
FN:20,(anonymous_2)
FN:24,(anonymous_3)
FN:28,(anonymous_4)
FN:31,(anonymous_5)
FN:44,(anonymous_6)
FN:56,(anonymous_7)
FN:61,(anonymous_8)
FN:76,(anonymous_9)
FN:81,(anonymous_10)
FNF:11
FNH:8
FNDA:2,reWriteFile
FNDA:0,(anonymous_1)
FNDA:2,(anonymous_2)
FNDA:0,(anonymous_3)
FNDA:2,(anonymous_4)
FNDA:8,(anonymous_5)
FNDA:0,(anonymous_6)
FNDA:1,(anonymous_7)
FNDA:1,(anonymous_8)
FNDA:1,(anonymous_9)
FNDA:1,(anonymous_10)
DA:1,1
DA:2,1
DA:3,1
DA:4,1
DA:5,1
DA:6,1
DA:8,1
DA:9,1
DA:12,2
DA:13,0
DA:20,1
DA:21,2
DA:24,1
DA:25,0
DA:28,1
DA:29,2
DA:30,2
DA:31,8
DA:32,2
DA:33,1
DA:35,1
DA:38,1
DA:44,1
DA:45,0
DA:46,0
DA:47,0
DA:48,0
DA:49,0
DA:50,0
DA:52,0
DA:56,1
DA:57,1
DA:58,1
DA:59,1
DA:60,1
DA:61,1
DA:62,1
DA:63,1
DA:64,0
DA:65,0
DA:66,0
DA:67,0
DA:69,1
DA:70,1
DA:72,0
DA:76,1
DA:77,1
DA:78,1
DA:79,1
DA:80,1
DA:81,1
DA:83,1
DA:84,1
DA:85,1
DA:87,0
DA:93,1
LF:56
LH:41
BRDA:13,0,0,0
BRDA:13,0,1,0
BRDA:32,1,0,1
BRDA:32,1,1,1
BRDA:62,2,0,1
BRDA:62,2,1,0
BRDA:64,3,0,0
BRDA:64,3,1,0
BRDA:66,4,0,0
BRDA:66,4,1,0
BRF:10
BRH:3
end_of_record
